<?xml version="1.0" encoding="UTF-8"?>
<!-- Generated by org.testng.reporters.JUnitReportReporter -->
<testsuite hostname="Rahul" failures="0" tests="2" name="amazon.com.tests.AmazonSearchProducts" time="28.257" errors="0" timestamp="2024-05-17T21:20:08 IST" skipped="1">
  <testcase classname="amazon.com.tests.AmazonSearchProducts" name="searchProductOnFlipkart" time="28.257"/>
  <system-out/>
  <testcase classname="amazon.com.tests.AmazonSearchProducts" name="searchProduct">
    <skipped/>
  </testcase> <!-- searchProduct -->
  <system-out/>
</testsuite> <!-- amazon.com.tests.AmazonSearchProducts -->
